<?xml version="1.0" encoding="UTF-8"?>
<!-- Generated by org.testng.reporters.JUnitReportReporter -->
<testsuite hostname="MSI" failures="0" tests="1" name="appsPackage.settingsConfigure" time="149.403" errors="0" timestamp="2025-02-25T22:09:58 IST" skipped="0">
  <testcase classname="appsPackage.settingsConfigure" name="settings" time="149.403"/>
</testsuite> <!-- appsPackage.settingsConfigure -->
